<?xml version="1.0" encoding="UTF-8"?>
<!-- Generated by org.testng.reporters.JUnitReportReporter -->
<testsuite hostname="LTIN188526" failures="0" tests="1" name="testCases.TC_FillTheForm" time="50.992" errors="0" timestamp="2024-02-26T21:40:58 IST" skipped="0">
  <testcase classname="testCases.TC_FillTheForm" name="validdetails" time="50.992"/>
  <system-out/>
</testsuite> <!-- testCases.TC_FillTheForm -->
