<?xml version="1.0" encoding="UTF-8"?>
<!-- Generated by org.testng.reporters.JUnitReportReporter -->
<testsuite hostname="LTIN188526" failures="0" tests="3" name="testCases.TC_Surgeries" time="23.848" errors="0" timestamp="2024-03-05T11:25:06 IST" skipped="0">
  <testcase classname="testCases.TC_Surgeries" name="displaySurgeries" time="17.454"/>
  <system-out/>
  <testcase classname="testCases.TC_Surgeries" name="validatepage" time="0.148"/>
  <system-out/>
  <testcase classname="testCases.TC_Surgeries" name="printsurgery" time="6.246"/>
  <system-out/>
</testsuite> <!-- testCases.TC_Surgeries -->
