<?xml version="1.0" encoding="UTF-8"?>
<!-- Generated by org.testng.reporters.JUnitReportReporter -->
<testsuite hostname="LTIN188526" failures="0" tests="2" name="testCases.TC_SearchFilters" time="69.277" errors="0" timestamp="2024-02-27T11:15:06 IST" skipped="0">
  <testcase classname="testCases.TC_SearchFilters" name="applyFilters" time="67.427"/>
  <system-out/>
  <testcase classname="testCases.TC_SearchFilters" name="PrintDoctorDetails" time="1.850"/>
  <system-out/>
</testsuite> <!-- testCases.TC_SearchFilters -->
