<?xml version="1.0" encoding="UTF-8"?>
<!-- Generated by org.testng.reporters.JUnitReportReporter -->
<testsuite hostname="LTIN188526" failures="0" tests="8" name="testCases.TC_SearchDoctors" time="59.279" errors="0" timestamp="2024-03-05T11:25:06 IST" skipped="0">
  <testcase classname="testCases.TC_SearchDoctors" name="validatePractoPage" time="0.126"/>
  <system-out/>
  <testcase classname="testCases.TC_SearchDoctors" name="searchDoctorSpeciality" time="21.672"/>
  <system-out/>
  <testcase classname="testCases.TC_SearchDoctors" name="searchLocation" time="9.670"/>
  <system-out/>
  <testcase classname="testCases.TC_SearchDoctors" name="patientStoriesFilter" time="5.219"/>
  <system-out/>
  <testcase classname="testCases.TC_SearchDoctors" name="experienceFilter" time="5.331"/>
  <system-out/>
  <testcase classname="testCases.TC_SearchDoctors" name="feesandAvailabilityFilters" time="8.198"/>
  <system-out/>
  <testcase classname="testCases.TC_SearchDoctors" name="sorting" time="7.255"/>
  <system-out/>
  <testcase classname="testCases.TC_SearchDoctors" name="PrintDoctorDetails" time="1.808"/>
  <system-out/>
</testsuite> <!-- testCases.TC_SearchDoctors -->
