<?xml version="1.0" encoding="UTF-8"?>
<!-- Generated by org.testng.reporters.JUnitReportReporter -->
<testsuite hostname="LTIN188526" failures="0" tests="2" name="testCases.TC_01_SearchFilters" time="306.631" errors="0" timestamp="2024-02-26T15:12:51 IST" skipped="0">
  <testcase classname="testCases.TC_01_SearchFilters" name="applyFilters" time="306.206"/>
  <system-out/>
  <testcase classname="testCases.TC_01_SearchFilters" name="PrintSurgeryNames" time="0.425"/>
  <system-out/>
</testsuite> <!-- testCases.TC_01_SearchFilters -->
