<?xml version="1.0" encoding="UTF-8"?>
<!-- Generated by org.testng.reporters.JUnitReportReporter -->
<testsuite hostname="LTIN188526" failures="0" tests="3" name="testCases.TC_Surgeries" time="28.334" errors="0" timestamp="2024-03-05T12:37:46 IST" skipped="0">
  <testcase classname="testCases.TC_Surgeries" name="displaySurgeries" time="17.724"/>
  <testcase classname="testCases.TC_Surgeries" name="validatepage" time="0.202"/>
  <testcase classname="testCases.TC_Surgeries" name="printsurgery" time="10.408"/>
</testsuite> <!-- testCases.TC_Surgeries -->
