<?xml version="1.0" encoding="UTF-8"?>
<!-- Generated by org.testng.reporters.JUnitReportReporter -->
<testsuite hostname="LTIN188526" failures="0" tests="8" name="testCases.TC_SearchDoctors" time="262.925" errors="0" timestamp="2024-03-05T12:37:46 IST" skipped="0">
  <testcase classname="testCases.TC_SearchDoctors" name="validatePractoPage" time="0.218"/>
  <testcase classname="testCases.TC_SearchDoctors" name="searchDoctorSpeciality" time="66.395"/>
  <testcase classname="testCases.TC_SearchDoctors" name="searchLocation" time="10.532"/>
  <testcase classname="testCases.TC_SearchDoctors" name="patientStoriesFilter" time="43.195"/>
  <testcase classname="testCases.TC_SearchDoctors" name="experienceFilter" time="46.211"/>
  <testcase classname="testCases.TC_SearchDoctors" name="feesandAvailabilityFilters" time="46.169"/>
  <testcase classname="testCases.TC_SearchDoctors" name="sorting" time="45.249"/>
  <testcase classname="testCases.TC_SearchDoctors" name="PrintDoctorDetails" time="4.956"/>
</testsuite> <!-- testCases.TC_SearchDoctors -->
